<?xml version="1.0" encoding="UTF-8"?>
<testng-results ignored="0" total="1" passed="1" failed="0" skipped="0">
  <reporter-output>
  </reporter-output>
  <suite started-at="2026-01-15T10:10:03 IST" name="Default suite" finished-at="2026-01-15T10:10:03 IST" duration-ms="49">
    <groups>
    </groups>
    <test started-at="2026-01-15T10:10:03 IST" name="Default test" finished-at="2026-01-15T10:10:03 IST" duration-ms="49">
      <class name="demo.practice">
        <test-method signature="m1()[pri:0, instance:demo.practice@79e2c065]" started-at="2026-01-15T10:10:03 IST" name="m1" finished-at="2026-01-15T10:10:03 IST" duration-ms="10" status="PASS">
          <reporter-output>
          </reporter-output>
        </test-method> <!-- m1 -->
      </class> <!-- demo.practice -->
    </test> <!-- Default test -->
  </suite> <!-- Default suite -->
</testng-results>
